<?xml version="1.0" encoding="UTF-8"?>
<testsuite xmlns:xsi="http://www.w3.org/2001/XMLSchema-instance" xsi:noNamespaceSchemaLocation="https://maven.apache.org/surefire/maven-surefire-plugin/xsd/surefire-test-report.xsd" name="org.faruck.AppTest" time="0.02" tests="1" errors="0" skipped="0" failures="0">
  <properties>
    <property name="sun.desktop" value="windows"/>
    <property name="awt.toolkit" value="sun.awt.windows.WToolkit"/>
    <property name="exec.mainClass" value="org.faruck.App"/>
    <property name="file.encoding.pkg" value="sun.io"/>
    <property name="java.specification.version" value="1.8"/>
    <property name="sun.cpu.isalist" value="amd64"/>
    <property name="sun.jnu.encoding" value="Cp1252"/>
    <property name="java.class.path" value="F:\JAVA\EjecicioFabricaAuto\target\test-classes;F:\JAVA\EjecicioFabricaAuto\target\classes;C:\Users\MSI GE63 RAIDER RGB\.m2\repository\junit\junit\4.11\junit-4.11.jar;C:\Users\MSI GE63 RAIDER RGB\.m2\repository\org\hamcrest\hamcrest-core\1.3\hamcrest-core-1.3.jar;"/>
    <property name="java.vm.vendor" value="Oracle Corporation"/>
    <property name="sun.arch.data.model" value="64"/>
    <property name="user.variant" value=""/>
    <property name="java.vendor.url" value="http://java.oracle.com/"/>
    <property name="user.timezone" value="America/Regina"/>
    <property name="java.vm.specification.version" value="1.8"/>
    <property name="os.name" value="Windows 10"/>
    <property name="user.country" value="UY"/>
    <property name="sun.java.launcher" value="SUN_STANDARD"/>
    <property name="sun.boot.library.path" value="C:\Program Files\Java\jdk1.8.0_271\jre\bin"/>
    <property name="sun.java.command" value="C:\Users\MSIGE6~1\AppData\Local\Temp\surefire1941295261396648214\surefirebooter3261766117425172453.jar C:\Users\MSI GE63 RAIDER RGB\AppData\Local\Temp\surefire1941295261396648214 2021-10-15T17-55-16_102-jvmRun1 surefire5690115725291215673tmp surefire_07284179308470596406tmp"/>
    <property name="surefire.test.class.path" value="F:\JAVA\EjecicioFabricaAuto\target\test-classes;F:\JAVA\EjecicioFabricaAuto\target\classes;C:\Users\MSI GE63 RAIDER RGB\.m2\repository\junit\junit\4.11\junit-4.11.jar;C:\Users\MSI GE63 RAIDER RGB\.m2\repository\org\hamcrest\hamcrest-core\1.3\hamcrest-core-1.3.jar;"/>
    <property name="sun.cpu.endian" value="little"/>
    <property name="user.home" value="C:\Users\MSI GE63 RAIDER RGB"/>
    <property name="user.language" value="es"/>
    <property name="java.specification.vendor" value="Oracle Corporation"/>
    <property name="java.home" value="C:\Program Files\Java\jdk1.8.0_271\jre"/>
    <property name="basedir" value="F:\JAVA\EjecicioFabricaAuto"/>
    <property name="file.separator" value="\"/>
    <property name="line.separator" value="&#10;"/>
    <property name="java.vm.specification.vendor" value="Oracle Corporation"/>
    <property name="java.specification.name" value="Java Platform API Specification"/>
    <property name="java.awt.graphicsenv" value="sun.awt.Win32GraphicsEnvironment"/>
    <property name="surefire.real.class.path" value="C:\Users\MSIGE6~1\AppData\Local\Temp\surefire1941295261396648214\surefirebooter3261766117425172453.jar"/>
    <property name="sun.boot.class.path" value="C:\Program Files\Java\jdk1.8.0_271\jre\lib\resources.jar;C:\Program Files\Java\jdk1.8.0_271\jre\lib\rt.jar;C:\Program Files\Java\jdk1.8.0_271\jre\lib\sunrsasign.jar;C:\Program Files\Java\jdk1.8.0_271\jre\lib\jsse.jar;C:\Program Files\Java\jdk1.8.0_271\jre\lib\jce.jar;C:\Program Files\Java\jdk1.8.0_271\jre\lib\charsets.jar;C:\Program Files\Java\jdk1.8.0_271\jre\lib\jfr.jar;C:\Program Files\Java\jdk1.8.0_271\jre\classes"/>
    <property name="user.script" value=""/>
    <property name="sun.management.compiler" value="HotSpot 64-Bit Tiered Compilers"/>
    <property name="java.runtime.version" value="1.8.0_271-b09"/>
    <property name="user.name" value="MSI GE63 RAIDER RGB"/>
    <property name="path.separator" value=";"/>
    <property name="os.version" value="10.0"/>
    <property name="java.endorsed.dirs" value="C:\Program Files\Java\jdk1.8.0_271\jre\lib\endorsed"/>
    <property name="java.runtime.name" value="Java(TM) SE Runtime Environment"/>
    <property name="file.encoding" value="Cp1252"/>
    <property name="java.vm.name" value="Java HotSpot(TM) 64-Bit Server VM"/>
    <property name="localRepository" value="C:\Users\MSI GE63 RAIDER RGB\.m2\repository"/>
    <property name="java.vendor.url.bug" value="http://bugreport.sun.com/bugreport/"/>
    <property name="java.io.tmpdir" value="C:\Users\MSIGE6~1\AppData\Local\Temp\"/>
    <property name="java.version" value="1.8.0_271"/>
    <property name="user.dir" value="F:\JAVA\EjecicioFabricaAuto"/>
    <property name="os.arch" value="amd64"/>
    <property name="java.vm.specification.name" value="Java Virtual Machine Specification"/>
    <property name="java.awt.printerjob" value="sun.awt.windows.WPrinterJob"/>
    <property name="sun.os.patch.level" value=""/>
    <property name="java.library.path" value="C:\Program Files\Java\jdk1.8.0_271\jre\bin;C:\Windows\Sun\Java\bin;C:\Windows\system32;C:\Windows;C:\Program Files\Common Files\Oracle\Java\javapath;C:\Program Files (x86)\Microsoft SDKs\Azure\CLI2\wbin;C:\Program Files (x86)\Common Files\Oracle\Java\javapath;C:\Program Files\Java\jdk1.8.0_271\bin;C:\Windows\system32;C:\Windows;C:\Windows\System32\Wbem;C:\Windows\System32\WindowsPowerShell\v1.0\;C:\Windows\System32\OpenSSH\;C:\Program Files\NVIDIA Corporation\NVIDIA NvDLISR;C:\Program Files (x86)\Microsoft SQL Server\150\DTS\Binn\;C:\Program Files\Microsoft SQL Server\Client SDK\ODBC\170\Tools\Binn\;C:\Program Files (x86)\Microsoft SQL Server\150\Tools\Binn\;C:\Program Files\Microsoft SQL Server\150\Tools\Binn\;C:\Program Files\Microsoft SQL Server\150\DTS\Binn\;C:\Program Files (x86)\NVIDIA Corporation\PhysX\Common;C:\Program Files\Microsoft SQL Server\130\Tools\Binn\;C:\Program Files\dotnet\;C:\Program Files\Oracle\VirtualBox;C:\Program Files (x86)\IVI Foundation\VISA\WinNT\Bin;C:\Users\faruck\.azure-kubectl;C:\Users\faruck\.azure-kubelogin;C:\ProgramData\chocolatey\bin;C:\Program Files\nodejs\;F:\one drive\OneDrive - uraccan.edu.ni\Documentos\WindowsPowerShell\Microsoft.PowerShell_profile.ps1;C:\Users\MSI GE63 RAIDER RGB\AppData\Local\Android\Sdk\platform-tools;C:\Users\MSI GE63 RAIDER RGB\AppData\Local\Android\Sdk\tools;C:\Users\MSI GE63 RAIDER RGB\AppData\Local\Android\Sdk\tools\bin;C:\Users\MSI GE63 RAIDER RGB\AppData\Local\Android\Sdk\emulator;C:\xampp\php;C:\ProgramData\ComposerSetup\bin;C:\xampp\mysql\bin;C:\Program Files (x86)\IVI Foundation\VISA\WinNT\Bin\;C:\Program Files\IVI Foundation\VISA\Win64\Bin\;C:\Program Files\Git\cmd;C:\Program Files (x86)\Common Files\Acronis\SnapAPI\;C:\Program Files (x86)\Google\Cloud SDK\google-cloud-sdk\bin;C:\Program Files (x86)\Microsoft Visual Studio\Shared\Python37_64;F:\apache-maven-3.8.3-bin\apache-maven-3.8.3\bin;C:\Users\MSI GE63 RAIDER RGB\AppData\Roaming\Python\Python37\Scripts;C:\Users\MSI GE63 RAIDER RGB\openjfx-17.0.0.1_windows-x64_bin-sdk\javafx-sdk-17.0.0.1\bin;C:\Users\MSI GE63 RAIDER RGB\openjfx-17.0.0.1_windows-x64_bin-sdk\javafx-sdk-17.0.0.1\lib;C:\Program Files\MySQL\MySQL Shell 8.0\bin\;C:\Users\MSI GE63 RAIDER RGB\AppData\Local\Microsoft\WindowsApps;;C:\Users\MSI GE63 RAIDER RGB\.dotnet\tools;C:\Users\MSI GE63 RAIDER RGB\AppData\Roaming\npm;C:\Users\MSI GE63 RAIDER RGB\AppData\Local\Programs\Microsoft VS Code\bin;C:\Users\MSI GE63 RAIDER RGB\AppData\Roaming\Composer\vendor\bin;C:\Program Files\heroku\bin;C:\Program Files\JetBrains\IntelliJ IDEA 2021.1.3\bin;;C:\Program Files\JetBrains\PyCharm 2021.1.3\bin;;."/>
    <property name="java.vm.info" value="mixed mode"/>
    <property name="java.vendor" value="Oracle Corporation"/>
    <property name="java.vm.version" value="25.271-b09"/>
    <property name="java.ext.dirs" value="C:\Program Files\Java\jdk1.8.0_271\jre\lib\ext;C:\Windows\Sun\Java\lib\ext"/>
    <property name="sun.io.unicode.encoding" value="UnicodeLittle"/>
    <property name="java.class.version" value="52.0"/>
  </properties>
  <testcase name="shouldAnswerWithTrue" classname="org.faruck.AppTest" time="0.001"/>
</testsuite>